<?xml version="1.0" encoding="UTF-8"?>
<testsuite name="com.jx2lee.thejava.MoimTest" tests="1" skipped="0" failures="0" errors="0" timestamp="2021-09-09T15:45:46" hostname="NHN.local" time="0.042">
  <properties/>
  <testcase name="isFull()" classname="com.jx2lee.thejava.MoimTest" time="0.042"/>
  <system-out><![CDATA[]]></system-out>
  <system-err><![CDATA[]]></system-err>
</testsuite>
